{"/home/jikns/Projects/jikns_blog/hooks/use-realtime-notifications.ts": {"path":"/home/jikns/Projects/jikns_blog/hooks/use-realtime-notifications.ts","all":false,"statementMap":{"0":{"start":{"line":1,"column":0},"end":{"line":1,"column":3}},"27":{"start":{"line":28,"column":0},"end":{"line":28,"column":34}},"35":{"start":{"line":36,"column":0},"end":{"line":36,"column":19}},"36":{"start":{"line":37,"column":0},"end":{"line":37,"column":94}},"37":{"start":{"line":38,"column":0},"end":{"line":38,"column":78}},"39":{"start":{"line":40,"column":0},"end":{"line":40,"column":34}},"40":{"start":{"line":41,"column":0},"end":{"line":41,"column":56}},"41":{"start":{"line":42,"column":0},"end":{"line":42,"column":49}},"42":{"start":{"line":43,"column":0},"end":{"line":43,"column":3}},"44":{"start":{"line":45,"column":0},"end":{"line":45,"column":35}},"45":{"start":{"line":46,"column":0},"end":{"line":46,"column":21}},"46":{"start":{"line":47,"column":0},"end":{"line":47,"column":44}},"47":{"start":{"line":48,"column":0},"end":{"line":48,"column":5}},"48":{"start":{"line":49,"column":0},"end":{"line":49,"column":65}},"49":{"start":{"line":50,"column":0},"end":{"line":50,"column":3}},"51":{"start":{"line":52,"column":0},"end":{"line":52,"column":32}},"52":{"start":{"line":53,"column":0},"end":{"line":53,"column":21}},"53":{"start":{"line":54,"column":0},"end":{"line":54,"column":44}},"54":{"start":{"line":55,"column":0},"end":{"line":55,"column":5}},"55":{"start":{"line":56,"column":0},"end":{"line":56,"column":56}},"56":{"start":{"line":57,"column":0},"end":{"line":57,"column":3}},"58":{"start":{"line":59,"column":0},"end":{"line":59,"column":13}},"59":{"start":{"line":60,"column":0},"end":{"line":60,"column":1}},"69":{"start":{"line":70,"column":0},"end":{"line":70,"column":19}},"70":{"start":{"line":71,"column":0},"end":{"line":71,"column":35}},"71":{"start":{"line":72,"column":0},"end":{"line":72,"column":33}},"76":{"start":{"line":77,"column":0},"end":{"line":77,"column":42}},"77":{"start":{"line":78,"column":0},"end":{"line":78,"column":9}},"78":{"start":{"line":79,"column":0},"end":{"line":79,"column":17}},"79":{"start":{"line":80,"column":0},"end":{"line":80,"column":11}},"80":{"start":{"line":81,"column":0},"end":{"line":81,"column":30}},"81":{"start":{"line":82,"column":0},"end":{"line":82,"column":39}},"82":{"start":{"line":83,"column":0},"end":{"line":83,"column":37}},"83":{"start":{"line":84,"column":0},"end":{"line":84,"column":57}},"84":{"start":{"line":85,"column":0},"end":{"line":85,"column":56}},"85":{"start":{"line":86,"column":0},"end":{"line":86,"column":67}},"86":{"start":{"line":87,"column":0},"end":{"line":87,"column":57}},"87":{"start":{"line":88,"column":0},"end":{"line":88,"column":38}},"88":{"start":{"line":89,"column":0},"end":{"line":89,"column":73}},"89":{"start":{"line":90,"column":0},"end":{"line":90,"column":49}},"90":{"start":{"line":91,"column":0},"end":{"line":91,"column":81}},"91":{"start":{"line":92,"column":0},"end":{"line":92,"column":37}},"92":{"start":{"line":93,"column":0},"end":{"line":93,"column":74}},"93":{"start":{"line":94,"column":0},"end":{"line":94,"column":56}},"94":{"start":{"line":95,"column":0},"end":{"line":95,"column":48}},"95":{"start":{"line":96,"column":0},"end":{"line":96,"column":33}},"96":{"start":{"line":97,"column":0},"end":{"line":97,"column":42}},"97":{"start":{"line":98,"column":0},"end":{"line":98,"column":36}},"99":{"start":{"line":100,"column":0},"end":{"line":100,"column":57}},"100":{"start":{"line":101,"column":0},"end":{"line":101,"column":47}},"101":{"start":{"line":102,"column":0},"end":{"line":102,"column":35}},"102":{"start":{"line":103,"column":0},"end":{"line":103,"column":38}},"103":{"start":{"line":104,"column":0},"end":{"line":104,"column":67}},"104":{"start":{"line":105,"column":0},"end":{"line":105,"column":54}},"105":{"start":{"line":106,"column":0},"end":{"line":106,"column":19}},"106":{"start":{"line":107,"column":0},"end":{"line":107,"column":46}},"107":{"start":{"line":108,"column":0},"end":{"line":108,"column":7}},"108":{"start":{"line":109,"column":0},"end":{"line":109,"column":5}},"109":{"start":{"line":110,"column":0},"end":{"line":110,"column":8}},"111":{"start":{"line":112,"column":0},"end":{"line":112,"column":44}},"112":{"start":{"line":113,"column":0},"end":{"line":113,"column":35}},"113":{"start":{"line":114,"column":0},"end":{"line":114,"column":34}},"114":{"start":{"line":115,"column":0},"end":{"line":115,"column":8}},"116":{"start":{"line":117,"column":0},"end":{"line":117,"column":27}},"117":{"start":{"line":118,"column":0},"end":{"line":118,"column":37}},"118":{"start":{"line":119,"column":0},"end":{"line":119,"column":26}},"119":{"start":{"line":120,"column":0},"end":{"line":120,"column":20}},"120":{"start":{"line":121,"column":0},"end":{"line":121,"column":31}},"121":{"start":{"line":122,"column":0},"end":{"line":122,"column":41}},"122":{"start":{"line":123,"column":0},"end":{"line":123,"column":33}},"123":{"start":{"line":124,"column":0},"end":{"line":124,"column":5}},"124":{"start":{"line":125,"column":0},"end":{"line":125,"column":32}},"125":{"start":{"line":126,"column":0},"end":{"line":126,"column":31}},"126":{"start":{"line":127,"column":0},"end":{"line":127,"column":37}},"127":{"start":{"line":128,"column":0},"end":{"line":128,"column":4}},"129":{"start":{"line":130,"column":0},"end":{"line":130,"column":19}},"130":{"start":{"line":131,"column":0},"end":{"line":131,"column":34}},"131":{"start":{"line":132,"column":0},"end":{"line":132,"column":16}},"133":{"start":{"line":134,"column":0},"end":{"line":134,"column":19}},"134":{"start":{"line":135,"column":0},"end":{"line":135,"column":28}},"135":{"start":{"line":136,"column":0},"end":{"line":136,"column":51}},"136":{"start":{"line":137,"column":0},"end":{"line":137,"column":5}},"137":{"start":{"line":138,"column":0},"end":{"line":138,"column":25}},"139":{"start":{"line":140,"column":0},"end":{"line":140,"column":19}},"140":{"start":{"line":141,"column":0},"end":{"line":141,"column":29}},"141":{"start":{"line":142,"column":0},"end":{"line":142,"column":18}},"142":{"start":{"line":143,"column":0},"end":{"line":143,"column":32}},"143":{"start":{"line":144,"column":0},"end":{"line":144,"column":5}},"144":{"start":{"line":145,"column":0},"end":{"line":145,"column":8}},"146":{"start":{"line":147,"column":0},"end":{"line":147,"column":34}},"147":{"start":{"line":148,"column":0},"end":{"line":148,"column":34}},"148":{"start":{"line":149,"column":0},"end":{"line":149,"column":33}},"149":{"start":{"line":150,"column":0},"end":{"line":150,"column":43}},"150":{"start":{"line":151,"column":0},"end":{"line":151,"column":35}},"151":{"start":{"line":152,"column":0},"end":{"line":152,"column":7}},"152":{"start":{"line":153,"column":0},"end":{"line":153,"column":34}},"153":{"start":{"line":154,"column":0},"end":{"line":154,"column":29}},"154":{"start":{"line":155,"column":0},"end":{"line":155,"column":35}},"155":{"start":{"line":156,"column":0},"end":{"line":156,"column":7}},"156":{"start":{"line":157,"column":0},"end":{"line":157,"column":6}},"157":{"start":{"line":158,"column":0},"end":{"line":158,"column":6}},"158":{"start":{"line":159,"column":0},"end":{"line":159,"column":3}},"160":{"start":{"line":161,"column":0},"end":{"line":161,"column":53}},"161":{"start":{"line":162,"column":0},"end":{"line":162,"column":78}},"162":{"start":{"line":163,"column":0},"end":{"line":163,"column":37}},"163":{"start":{"line":164,"column":0},"end":{"line":164,"column":25}},"164":{"start":{"line":165,"column":0},"end":{"line":165,"column":9}},"165":{"start":{"line":166,"column":0},"end":{"line":166,"column":92}},"166":{"start":{"line":167,"column":0},"end":{"line":167,"column":29}},"167":{"start":{"line":168,"column":0},"end":{"line":168,"column":33}},"168":{"start":{"line":169,"column":0},"end":{"line":169,"column":7}},"169":{"start":{"line":170,"column":0},"end":{"line":170,"column":47}},"170":{"start":{"line":171,"column":0},"end":{"line":171,"column":48}},"171":{"start":{"line":172,"column":0},"end":{"line":172,"column":58}},"172":{"start":{"line":173,"column":0},"end":{"line":173,"column":34}},"173":{"start":{"line":174,"column":0},"end":{"line":174,"column":31}},"174":{"start":{"line":175,"column":0},"end":{"line":175,"column":18}},"175":{"start":{"line":176,"column":0},"end":{"line":176,"column":20}},"176":{"start":{"line":177,"column":0},"end":{"line":177,"column":29}},"177":{"start":{"line":178,"column":0},"end":{"line":178,"column":28}},"178":{"start":{"line":179,"column":0},"end":{"line":179,"column":30}},"179":{"start":{"line":180,"column":0},"end":{"line":180,"column":30}},"180":{"start":{"line":181,"column":0},"end":{"line":181,"column":35}},"181":{"start":{"line":182,"column":0},"end":{"line":182,"column":99}},"182":{"start":{"line":183,"column":0},"end":{"line":183,"column":23}},"183":{"start":{"line":184,"column":0},"end":{"line":184,"column":55}},"184":{"start":{"line":185,"column":0},"end":{"line":185,"column":60}},"185":{"start":{"line":186,"column":0},"end":{"line":186,"column":45}},"186":{"start":{"line":187,"column":0},"end":{"line":187,"column":57}},"187":{"start":{"line":188,"column":0},"end":{"line":188,"column":15}},"188":{"start":{"line":189,"column":0},"end":{"line":189,"column":10}},"189":{"start":{"line":190,"column":0},"end":{"line":190,"column":7}},"190":{"start":{"line":191,"column":0},"end":{"line":191,"column":19}},"191":{"start":{"line":192,"column":0},"end":{"line":192,"column":43}},"192":{"start":{"line":193,"column":0},"end":{"line":193,"column":31}},"193":{"start":{"line":194,"column":0},"end":{"line":194,"column":94}},"194":{"start":{"line":195,"column":0},"end":{"line":195,"column":7}},"195":{"start":{"line":196,"column":0},"end":{"line":196,"column":15}},"196":{"start":{"line":197,"column":0},"end":{"line":197,"column":31}},"197":{"start":{"line":198,"column":0},"end":{"line":198,"column":30}},"198":{"start":{"line":199,"column":0},"end":{"line":199,"column":7}},"199":{"start":{"line":200,"column":0},"end":{"line":200,"column":40}},"200":{"start":{"line":201,"column":0},"end":{"line":201,"column":5}},"201":{"start":{"line":202,"column":0},"end":{"line":202,"column":52}},"203":{"start":{"line":204,"column":0},"end":{"line":204,"column":43}},"204":{"start":{"line":205,"column":0},"end":{"line":205,"column":29}},"205":{"start":{"line":206,"column":0},"end":{"line":206,"column":25}},"207":{"start":{"line":208,"column":0},"end":{"line":208,"column":42}},"208":{"start":{"line":209,"column":0},"end":{"line":209,"column":44}},"209":{"start":{"line":210,"column":0},"end":{"line":210,"column":58}},"210":{"start":{"line":211,"column":0},"end":{"line":211,"column":48}},"211":{"start":{"line":212,"column":0},"end":{"line":212,"column":12}},"212":{"start":{"line":213,"column":0},"end":{"line":213,"column":5}},"214":{"start":{"line":215,"column":0},"end":{"line":215,"column":31}},"215":{"start":{"line":216,"column":0},"end":{"line":216,"column":30}},"216":{"start":{"line":217,"column":0},"end":{"line":217,"column":28}},"217":{"start":{"line":218,"column":0},"end":{"line":218,"column":46}},"218":{"start":{"line":219,"column":0},"end":{"line":219,"column":30}},"219":{"start":{"line":220,"column":0},"end":{"line":220,"column":20}},"220":{"start":{"line":221,"column":0},"end":{"line":221,"column":49}},"222":{"start":{"line":223,"column":0},"end":{"line":223,"column":19}},"223":{"start":{"line":224,"column":0},"end":{"line":224,"column":30}},"224":{"start":{"line":225,"column":0},"end":{"line":225,"column":39}},"225":{"start":{"line":226,"column":0},"end":{"line":226,"column":19}},"226":{"start":{"line":227,"column":0},"end":{"line":227,"column":22}},"227":{"start":{"line":228,"column":0},"end":{"line":228,"column":12}},"228":{"start":{"line":229,"column":0},"end":{"line":229,"column":5}},"230":{"start":{"line":231,"column":0},"end":{"line":231,"column":20}},"231":{"start":{"line":232,"column":0},"end":{"line":232,"column":39}},"232":{"start":{"line":233,"column":0},"end":{"line":233,"column":28}},"233":{"start":{"line":234,"column":0},"end":{"line":234,"column":19}},"234":{"start":{"line":235,"column":0},"end":{"line":235,"column":22}},"235":{"start":{"line":236,"column":0},"end":{"line":236,"column":12}},"236":{"start":{"line":237,"column":0},"end":{"line":237,"column":5}},"238":{"start":{"line":239,"column":0},"end":{"line":239,"column":77}},"239":{"start":{"line":240,"column":0},"end":{"line":240,"column":78}},"240":{"start":{"line":241,"column":0},"end":{"line":241,"column":23}},"241":{"start":{"line":242,"column":0},"end":{"line":242,"column":54}},"242":{"start":{"line":243,"column":0},"end":{"line":243,"column":52}},"244":{"start":{"line":245,"column":0},"end":{"line":245,"column":33}},"245":{"start":{"line":246,"column":0},"end":{"line":246,"column":27}},"246":{"start":{"line":247,"column":0},"end":{"line":247,"column":22}},"247":{"start":{"line":248,"column":0},"end":{"line":248,"column":30}},"248":{"start":{"line":249,"column":0},"end":{"line":249,"column":14}},"249":{"start":{"line":250,"column":0},"end":{"line":250,"column":7}},"250":{"start":{"line":251,"column":0},"end":{"line":251,"column":51}},"251":{"start":{"line":252,"column":0},"end":{"line":252,"column":29}},"252":{"start":{"line":253,"column":0},"end":{"line":253,"column":41}},"253":{"start":{"line":254,"column":0},"end":{"line":254,"column":8}},"254":{"start":{"line":255,"column":0},"end":{"line":255,"column":27}},"255":{"start":{"line":256,"column":0},"end":{"line":256,"column":42}},"256":{"start":{"line":257,"column":0},"end":{"line":257,"column":22}},"257":{"start":{"line":258,"column":0},"end":{"line":258,"column":44}},"258":{"start":{"line":259,"column":0},"end":{"line":259,"column":10}},"259":{"start":{"line":260,"column":0},"end":{"line":260,"column":22}},"260":{"start":{"line":261,"column":0},"end":{"line":261,"column":7}},"261":{"start":{"line":262,"column":0},"end":{"line":262,"column":5}},"263":{"start":{"line":264,"column":0},"end":{"line":264,"column":38}},"264":{"start":{"line":265,"column":0},"end":{"line":265,"column":58}},"265":{"start":{"line":266,"column":0},"end":{"line":266,"column":22}},"266":{"start":{"line":267,"column":0},"end":{"line":267,"column":7}},"267":{"start":{"line":268,"column":0},"end":{"line":268,"column":5}},"269":{"start":{"line":270,"column":0},"end":{"line":270,"column":93}},"270":{"start":{"line":271,"column":0},"end":{"line":271,"column":11}},"271":{"start":{"line":272,"column":0},"end":{"line":272,"column":94}},"272":{"start":{"line":273,"column":0},"end":{"line":273,"column":31}},"273":{"start":{"line":274,"column":0},"end":{"line":274,"column":11}},"274":{"start":{"line":275,"column":0},"end":{"line":275,"column":42}},"275":{"start":{"line":276,"column":0},"end":{"line":276,"column":11}},"276":{"start":{"line":277,"column":0},"end":{"line":277,"column":9}},"278":{"start":{"line":279,"column":0},"end":{"line":279,"column":90}},"279":{"start":{"line":280,"column":0},"end":{"line":280,"column":57}},"280":{"start":{"line":281,"column":0},"end":{"line":281,"column":21}},"281":{"start":{"line":282,"column":0},"end":{"line":282,"column":54}},"282":{"start":{"line":283,"column":0},"end":{"line":283,"column":22}},"283":{"start":{"line":284,"column":0},"end":{"line":284,"column":29}},"284":{"start":{"line":285,"column":0},"end":{"line":285,"column":21}},"285":{"start":{"line":286,"column":0},"end":{"line":286,"column":10}},"286":{"start":{"line":287,"column":0},"end":{"line":287,"column":19}},"287":{"start":{"line":288,"column":0},"end":{"line":288,"column":7}},"288":{"start":{"line":289,"column":0},"end":{"line":289,"column":5}},"290":{"start":{"line":291,"column":0},"end":{"line":291,"column":43}},"291":{"start":{"line":292,"column":0},"end":{"line":292,"column":22}},"292":{"start":{"line":293,"column":0},"end":{"line":293,"column":13}},"293":{"start":{"line":294,"column":0},"end":{"line":294,"column":35}},"294":{"start":{"line":295,"column":0},"end":{"line":295,"column":46}},"295":{"start":{"line":296,"column":0},"end":{"line":296,"column":23}},"296":{"start":{"line":297,"column":0},"end":{"line":297,"column":78}},"297":{"start":{"line":298,"column":0},"end":{"line":298,"column":65}},"298":{"start":{"line":299,"column":0},"end":{"line":299,"column":67}},"299":{"start":{"line":300,"column":0},"end":{"line":300,"column":16}},"300":{"start":{"line":301,"column":0},"end":{"line":301,"column":9}},"301":{"start":{"line":302,"column":0},"end":{"line":302,"column":7}},"303":{"start":{"line":304,"column":0},"end":{"line":304,"column":22}},"304":{"start":{"line":305,"column":0},"end":{"line":305,"column":14}},"305":{"start":{"line":306,"column":0},"end":{"line":306,"column":7}},"307":{"start":{"line":308,"column":0},"end":{"line":308,"column":61}},"308":{"start":{"line":309,"column":0},"end":{"line":309,"column":57}},"309":{"start":{"line":310,"column":0},"end":{"line":310,"column":74}},"310":{"start":{"line":311,"column":0},"end":{"line":311,"column":14}},"311":{"start":{"line":312,"column":0},"end":{"line":312,"column":7}},"313":{"start":{"line":314,"column":0},"end":{"line":314,"column":80}},"314":{"start":{"line":315,"column":0},"end":{"line":315,"column":27}},"316":{"start":{"line":317,"column":0},"end":{"line":317,"column":26}},"317":{"start":{"line":318,"column":0},"end":{"line":318,"column":30}},"318":{"start":{"line":319,"column":0},"end":{"line":319,"column":75}},"319":{"start":{"line":320,"column":0},"end":{"line":320,"column":23}},"320":{"start":{"line":321,"column":0},"end":{"line":321,"column":14}},"321":{"start":{"line":322,"column":0},"end":{"line":322,"column":7}},"323":{"start":{"line":324,"column":0},"end":{"line":324,"column":46}},"324":{"start":{"line":325,"column":0},"end":{"line":325,"column":29}},"326":{"start":{"line":327,"column":0},"end":{"line":327,"column":91}},"327":{"start":{"line":328,"column":0},"end":{"line":328,"column":63}},"328":{"start":{"line":329,"column":0},"end":{"line":329,"column":47}},"330":{"start":{"line":331,"column":0},"end":{"line":331,"column":56}},"331":{"start":{"line":332,"column":0},"end":{"line":332,"column":32}},"332":{"start":{"line":333,"column":0},"end":{"line":333,"column":18}},"333":{"start":{"line":334,"column":0},"end":{"line":334,"column":13}},"347":{"start":{"line":348,"column":0},"end":{"line":348,"column":11}},"348":{"start":{"line":349,"column":0},"end":{"line":349,"column":23}},"349":{"start":{"line":350,"column":0},"end":{"line":350,"column":19}},"351":{"start":{"line":352,"column":0},"end":{"line":352,"column":25}},"352":{"start":{"line":353,"column":0},"end":{"line":353,"column":73}},"353":{"start":{"line":354,"column":0},"end":{"line":354,"column":9}},"355":{"start":{"line":356,"column":0},"end":{"line":356,"column":30}},"357":{"start":{"line":358,"column":0},"end":{"line":358,"column":68}},"362":{"start":{"line":363,"column":0},"end":{"line":363,"column":16}},"363":{"start":{"line":364,"column":0},"end":{"line":364,"column":26}},"364":{"start":{"line":365,"column":0},"end":{"line":365,"column":21}},"365":{"start":{"line":366,"column":0},"end":{"line":366,"column":47}},"366":{"start":{"line":367,"column":0},"end":{"line":367,"column":47}},"367":{"start":{"line":368,"column":0},"end":{"line":368,"column":44}},"368":{"start":{"line":369,"column":0},"end":{"line":369,"column":17}},"369":{"start":{"line":370,"column":0},"end":{"line":370,"column":20}},"370":{"start":{"line":371,"column":0},"end":{"line":371,"column":37}},"371":{"start":{"line":372,"column":0},"end":{"line":372,"column":28}},"372":{"start":{"line":373,"column":0},"end":{"line":373,"column":38}},"373":{"start":{"line":374,"column":0},"end":{"line":374,"column":100}},"374":{"start":{"line":375,"column":0},"end":{"line":375,"column":42}},"375":{"start":{"line":376,"column":0},"end":{"line":376,"column":44}},"376":{"start":{"line":377,"column":0},"end":{"line":377,"column":95}},"377":{"start":{"line":378,"column":0},"end":{"line":378,"column":76}},"378":{"start":{"line":379,"column":0},"end":{"line":379,"column":40}},"379":{"start":{"line":380,"column":0},"end":{"line":380,"column":15}},"380":{"start":{"line":381,"column":0},"end":{"line":381,"column":9}},"381":{"start":{"line":382,"column":0},"end":{"line":382,"column":7}},"383":{"start":{"line":384,"column":0},"end":{"line":384,"column":77}},"384":{"start":{"line":385,"column":0},"end":{"line":385,"column":23}},"385":{"start":{"line":386,"column":0},"end":{"line":386,"column":27}},"386":{"start":{"line":387,"column":0},"end":{"line":387,"column":39}},"387":{"start":{"line":388,"column":0},"end":{"line":388,"column":37}},"388":{"start":{"line":389,"column":0},"end":{"line":389,"column":41}},"389":{"start":{"line":390,"column":0},"end":{"line":390,"column":33}},"390":{"start":{"line":391,"column":0},"end":{"line":391,"column":47}},"391":{"start":{"line":392,"column":0},"end":{"line":392,"column":16}},"392":{"start":{"line":393,"column":0},"end":{"line":393,"column":30}},"393":{"start":{"line":394,"column":0},"end":{"line":394,"column":21}},"394":{"start":{"line":395,"column":0},"end":{"line":395,"column":26}},"395":{"start":{"line":396,"column":0},"end":{"line":396,"column":22}},"396":{"start":{"line":397,"column":0},"end":{"line":397,"column":10}},"397":{"start":{"line":398,"column":0},"end":{"line":398,"column":86}},"398":{"start":{"line":399,"column":0},"end":{"line":399,"column":34}},"399":{"start":{"line":400,"column":0},"end":{"line":400,"column":13}},"400":{"start":{"line":401,"column":0},"end":{"line":401,"column":36}},"401":{"start":{"line":402,"column":0},"end":{"line":402,"column":28}},"402":{"start":{"line":403,"column":0},"end":{"line":403,"column":45}},"403":{"start":{"line":404,"column":0},"end":{"line":404,"column":53}},"404":{"start":{"line":405,"column":0},"end":{"line":405,"column":13}},"405":{"start":{"line":406,"column":0},"end":{"line":406,"column":17}},"406":{"start":{"line":407,"column":0},"end":{"line":407,"column":35}},"407":{"start":{"line":408,"column":0},"end":{"line":408,"column":29}},"408":{"start":{"line":409,"column":0},"end":{"line":409,"column":33}},"409":{"start":{"line":410,"column":0},"end":{"line":410,"column":36}},"410":{"start":{"line":411,"column":0},"end":{"line":411,"column":80}},"411":{"start":{"line":412,"column":0},"end":{"line":412,"column":19}},"412":{"start":{"line":413,"column":0},"end":{"line":413,"column":49}},"413":{"start":{"line":414,"column":0},"end":{"line":414,"column":35}},"414":{"start":{"line":415,"column":0},"end":{"line":415,"column":41}},"415":{"start":{"line":416,"column":0},"end":{"line":416,"column":11}},"416":{"start":{"line":417,"column":0},"end":{"line":417,"column":8}},"418":{"start":{"line":419,"column":0},"end":{"line":419,"column":46}},"419":{"start":{"line":420,"column":0},"end":{"line":420,"column":41}},"420":{"start":{"line":421,"column":0},"end":{"line":421,"column":48}},"421":{"start":{"line":422,"column":0},"end":{"line":422,"column":12}},"422":{"start":{"line":423,"column":0},"end":{"line":423,"column":29}},"424":{"start":{"line":425,"column":0},"end":{"line":425,"column":45}},"425":{"start":{"line":426,"column":0},"end":{"line":426,"column":22}},"426":{"start":{"line":427,"column":0},"end":{"line":427,"column":20}},"427":{"start":{"line":428,"column":0},"end":{"line":428,"column":50}},"428":{"start":{"line":429,"column":0},"end":{"line":429,"column":34}},"429":{"start":{"line":430,"column":0},"end":{"line":430,"column":59}},"430":{"start":{"line":431,"column":0},"end":{"line":431,"column":42}},"431":{"start":{"line":432,"column":0},"end":{"line":432,"column":9}},"433":{"start":{"line":434,"column":0},"end":{"line":434,"column":72}},"435":{"start":{"line":436,"column":0},"end":{"line":436,"column":13}},"436":{"start":{"line":437,"column":0},"end":{"line":437,"column":26}},"437":{"start":{"line":438,"column":0},"end":{"line":438,"column":82}},"438":{"start":{"line":439,"column":0},"end":{"line":439,"column":40}},"439":{"start":{"line":440,"column":0},"end":{"line":440,"column":41}},"440":{"start":{"line":441,"column":0},"end":{"line":441,"column":23}},"441":{"start":{"line":442,"column":0},"end":{"line":442,"column":74}},"442":{"start":{"line":443,"column":0},"end":{"line":443,"column":75}},"443":{"start":{"line":444,"column":0},"end":{"line":444,"column":9}},"444":{"start":{"line":445,"column":0},"end":{"line":445,"column":7}},"446":{"start":{"line":447,"column":0},"end":{"line":447,"column":61}},"448":{"start":{"line":449,"column":0},"end":{"line":449,"column":83}},"449":{"start":{"line":450,"column":0},"end":{"line":450,"column":87}},"450":{"start":{"line":451,"column":0},"end":{"line":451,"column":57}},"451":{"start":{"line":452,"column":0},"end":{"line":452,"column":8}},"453":{"start":{"line":454,"column":0},"end":{"line":454,"column":29}},"454":{"start":{"line":455,"column":0},"end":{"line":455,"column":27}},"455":{"start":{"line":456,"column":0},"end":{"line":456,"column":9}},"456":{"start":{"line":457,"column":0},"end":{"line":457,"column":26}},"457":{"start":{"line":458,"column":0},"end":{"line":458,"column":27}},"458":{"start":{"line":459,"column":0},"end":{"line":459,"column":33}},"459":{"start":{"line":460,"column":0},"end":{"line":460,"column":45}},"460":{"start":{"line":461,"column":0},"end":{"line":461,"column":10}},"461":{"start":{"line":462,"column":0},"end":{"line":462,"column":77}},"462":{"start":{"line":463,"column":0},"end":{"line":463,"column":41}},"463":{"start":{"line":464,"column":0},"end":{"line":464,"column":60}},"464":{"start":{"line":465,"column":0},"end":{"line":465,"column":30}},"465":{"start":{"line":466,"column":0},"end":{"line":466,"column":11}},"466":{"start":{"line":467,"column":0},"end":{"line":467,"column":9}},"467":{"start":{"line":468,"column":0},"end":{"line":468,"column":7}},"469":{"start":{"line":470,"column":0},"end":{"line":470,"column":49}},"470":{"start":{"line":471,"column":0},"end":{"line":471,"column":38}},"471":{"start":{"line":472,"column":0},"end":{"line":472,"column":31}},"472":{"start":{"line":473,"column":0},"end":{"line":473,"column":32}},"473":{"start":{"line":474,"column":0},"end":{"line":474,"column":23}},"474":{"start":{"line":475,"column":0},"end":{"line":475,"column":37}},"475":{"start":{"line":476,"column":0},"end":{"line":476,"column":48}},"476":{"start":{"line":477,"column":0},"end":{"line":477,"column":97}},"477":{"start":{"line":478,"column":0},"end":{"line":478,"column":26}},"478":{"start":{"line":479,"column":0},"end":{"line":479,"column":18}},"479":{"start":{"line":480,"column":0},"end":{"line":480,"column":11}},"480":{"start":{"line":481,"column":0},"end":{"line":481,"column":32}},"481":{"start":{"line":482,"column":0},"end":{"line":482,"column":69}},"482":{"start":{"line":483,"column":0},"end":{"line":483,"column":26}},"483":{"start":{"line":484,"column":0},"end":{"line":484,"column":25}},"484":{"start":{"line":485,"column":0},"end":{"line":485,"column":54}},"485":{"start":{"line":486,"column":0},"end":{"line":486,"column":33}},"486":{"start":{"line":487,"column":0},"end":{"line":487,"column":57}},"487":{"start":{"line":488,"column":0},"end":{"line":488,"column":30}},"488":{"start":{"line":489,"column":0},"end":{"line":489,"column":25}},"489":{"start":{"line":490,"column":0},"end":{"line":490,"column":52}},"490":{"start":{"line":491,"column":0},"end":{"line":491,"column":38}},"491":{"start":{"line":492,"column":0},"end":{"line":492,"column":18}},"492":{"start":{"line":493,"column":0},"end":{"line":493,"column":15}},"493":{"start":{"line":494,"column":0},"end":{"line":494,"column":38}},"494":{"start":{"line":495,"column":0},"end":{"line":495,"column":28}},"495":{"start":{"line":496,"column":0},"end":{"line":496,"column":23}},"496":{"start":{"line":497,"column":0},"end":{"line":497,"column":50}},"497":{"start":{"line":498,"column":0},"end":{"line":498,"column":67}},"498":{"start":{"line":499,"column":0},"end":{"line":499,"column":16}},"499":{"start":{"line":500,"column":0},"end":{"line":500,"column":14}},"500":{"start":{"line":501,"column":0},"end":{"line":501,"column":27}},"501":{"start":{"line":502,"column":0},"end":{"line":502,"column":27}},"502":{"start":{"line":503,"column":0},"end":{"line":503,"column":33}},"503":{"start":{"line":504,"column":0},"end":{"line":504,"column":75}},"504":{"start":{"line":505,"column":0},"end":{"line":505,"column":19}},"505":{"start":{"line":506,"column":0},"end":{"line":506,"column":15}},"506":{"start":{"line":507,"column":0},"end":{"line":507,"column":13}},"507":{"start":{"line":508,"column":0},"end":{"line":508,"column":25}},"508":{"start":{"line":509,"column":0},"end":{"line":509,"column":30}},"509":{"start":{"line":510,"column":0},"end":{"line":510,"column":9}},"510":{"start":{"line":511,"column":0},"end":{"line":511,"column":8}},"512":{"start":{"line":513,"column":0},"end":{"line":513,"column":35}},"513":{"start":{"line":514,"column":0},"end":{"line":514,"column":5}},"515":{"start":{"line":516,"column":0},"end":{"line":516,"column":28}},"517":{"start":{"line":518,"column":0},"end":{"line":518,"column":18}},"518":{"start":{"line":519,"column":0},"end":{"line":519,"column":22}},"519":{"start":{"line":520,"column":0},"end":{"line":520,"column":28}},"520":{"start":{"line":521,"column":0},"end":{"line":521,"column":32}},"521":{"start":{"line":522,"column":0},"end":{"line":522,"column":46}},"522":{"start":{"line":523,"column":0},"end":{"line":523,"column":39}},"523":{"start":{"line":524,"column":0},"end":{"line":524,"column":7}},"524":{"start":{"line":525,"column":0},"end":{"line":525,"column":23}},"525":{"start":{"line":526,"column":0},"end":{"line":526,"column":22}},"526":{"start":{"line":527,"column":0},"end":{"line":527,"column":28}},"527":{"start":{"line":528,"column":0},"end":{"line":528,"column":5}},"528":{"start":{"line":529,"column":0},"end":{"line":529,"column":91}},"530":{"start":{"line":531,"column":0},"end":{"line":531,"column":10}},"531":{"start":{"line":532,"column":0},"end":{"line":532,"column":17}},"532":{"start":{"line":533,"column":0},"end":{"line":533,"column":10}},"533":{"start":{"line":534,"column":0},"end":{"line":534,"column":22}},"534":{"start":{"line":535,"column":0},"end":{"line":535,"column":17}},"535":{"start":{"line":536,"column":0},"end":{"line":536,"column":12}},"536":{"start":{"line":537,"column":0},"end":{"line":537,"column":33}},"537":{"start":{"line":538,"column":0},"end":{"line":538,"column":18}},"538":{"start":{"line":539,"column":0},"end":{"line":539,"column":25}},"539":{"start":{"line":540,"column":0},"end":{"line":540,"column":19}},"540":{"start":{"line":541,"column":0},"end":{"line":541,"column":15}},"541":{"start":{"line":542,"column":0},"end":{"line":542,"column":19}},"542":{"start":{"line":543,"column":0},"end":{"line":543,"column":27}},"543":{"start":{"line":544,"column":0},"end":{"line":544,"column":3}},"544":{"start":{"line":545,"column":0},"end":{"line":545,"column":1}}},"s":{"0":1,"27":11,"35":11,"36":11,"37":11,"39":11,"40":1,"41":1,"42":1,"44":11,"45":3,"46":2,"47":2,"48":3,"49":3,"51":11,"52":6,"53":1,"54":1,"55":6,"56":6,"58":1,"59":1,"69":1,"70":1,"71":1,"76":1,"77":49,"78":49,"79":49,"80":49,"81":49,"82":49,"83":49,"84":49,"85":49,"86":49,"87":49,"88":49,"89":49,"90":49,"91":49,"92":49,"93":49,"94":49,"95":49,"96":49,"97":49,"99":49,"100":11,"101":11,"102":11,"103":11,"104":0,"105":0,"106":0,"107":0,"108":0,"109":49,"111":49,"112":24,"113":24,"114":49,"116":49,"117":2,"118":2,"119":2,"120":2,"121":1,"122":1,"123":1,"124":2,"125":2,"126":2,"127":49,"129":49,"130":32,"131":49,"133":49,"134":17,"135":1,"136":1,"137":49,"139":49,"140":17,"141":17,"142":17,"143":17,"144":49,"146":49,"147":49,"148":31,"149":1,"150":1,"151":1,"152":31,"153":31,"154":11,"155":11,"156":31,"157":49,"158":49,"160":49,"161":8,"162":8,"163":8,"164":8,"165":8,"166":8,"167":8,"168":8,"169":8,"170":8,"171":10,"172":8,"173":8,"174":8,"175":8,"176":8,"177":8,"178":8,"179":8,"180":8,"181":2,"182":6,"183":8,"184":8,"185":8,"186":8,"187":8,"188":8,"189":10,"190":8,"191":1,"192":1,"193":1,"194":1,"195":8,"196":8,"197":8,"198":8,"199":8,"200":8,"201":49,"203":49,"204":5,"205":49,"207":49,"208":2,"209":0,"210":0,"211":0,"212":0,"214":2,"215":2,"216":2,"217":2,"218":1,"219":2,"220":49,"222":49,"223":22,"224":1,"225":1,"226":1,"227":1,"228":1,"230":22,"231":1,"232":1,"233":1,"234":1,"235":1,"236":1,"238":20,"239":20,"240":20,"241":20,"242":20,"244":20,"245":8,"246":8,"247":0,"248":0,"249":0,"250":8,"251":3,"252":3,"253":8,"254":8,"255":2,"256":2,"257":2,"258":2,"259":2,"260":2,"261":8,"263":20,"264":3,"265":0,"266":0,"267":3,"269":20,"270":4,"271":4,"272":4,"273":4,"274":4,"275":4,"276":4,"278":4,"279":4,"280":4,"281":1,"282":1,"283":1,"284":1,"285":1,"286":1,"287":1,"288":4,"290":20,"291":20,"292":16,"293":16,"294":16,"295":16,"296":0,"297":0,"298":0,"299":0,"300":0,"301":16,"303":20,"304":0,"305":0,"307":20,"308":0,"309":0,"310":0,"311":0,"313":20,"314":20,"316":20,"317":5,"318":5,"319":5,"320":5,"321":5,"323":15,"324":15,"326":15,"327":4,"328":4,"330":4,"331":4,"332":4,"333":4,"347":4,"348":4,"349":4,"351":4,"352":1,"353":1,"355":4,"357":1,"362":1,"363":1,"364":1,"365":1,"366":1,"367":1,"368":1,"369":4,"370":4,"371":1,"372":1,"373":1,"374":1,"375":1,"376":1,"377":1,"378":1,"379":1,"380":4,"381":4,"383":15,"384":2,"385":2,"386":2,"387":2,"388":2,"389":2,"390":2,"391":2,"392":2,"393":2,"394":2,"395":2,"396":2,"397":2,"398":2,"399":1,"400":1,"401":1,"402":1,"403":1,"404":1,"405":1,"406":2,"407":2,"408":2,"409":2,"410":1,"411":1,"412":2,"413":2,"414":2,"415":2,"416":2,"418":15,"419":4,"420":4,"421":4,"422":4,"424":4,"425":4,"426":4,"427":4,"428":3,"429":1,"430":4,"431":4,"433":4,"435":4,"436":4,"437":4,"438":4,"439":4,"440":4,"441":1,"442":1,"443":1,"444":4,"446":15,"448":15,"449":2,"450":2,"451":15,"453":15,"454":15,"455":15,"456":15,"457":15,"458":15,"459":15,"460":15,"461":15,"462":2,"463":2,"464":2,"465":2,"466":2,"467":15,"469":15,"470":12,"471":9,"472":9,"473":9,"474":9,"475":9,"476":12,"477":3,"478":0,"479":0,"480":3,"481":3,"482":3,"483":3,"484":3,"485":2,"486":1,"487":1,"488":1,"489":1,"490":1,"491":1,"492":1,"493":2,"494":2,"495":2,"496":2,"497":2,"498":2,"499":3,"500":3,"501":1,"502":1,"503":1,"504":1,"505":1,"506":3,"507":3,"508":3,"509":3,"510":15,"512":15,"513":20,"515":20,"517":20,"518":20,"519":20,"520":20,"521":15,"522":15,"523":15,"524":20,"525":20,"526":20,"527":20,"528":49,"530":49,"531":49,"532":49,"533":49,"534":49,"535":49,"536":49,"537":11,"538":38,"539":3,"540":35,"541":14,"542":21,"543":49,"544":49},"branchMap":{"0":{"type":"branch","line":28,"loc":{"start":{"line":28,"column":0},"end":{"line":60,"column":1}},"locations":[{"start":{"line":28,"column":0},"end":{"line":60,"column":1}}]},"1":{"type":"branch","line":37,"loc":{"start":{"line":37,"column":31},"end":{"line":37,"column":45}},"locations":[{"start":{"line":37,"column":31},"end":{"line":37,"column":45}}]},"2":{"type":"branch","line":37,"loc":{"start":{"line":37,"column":37},"end":{"line":37,"column":63}},"locations":[{"start":{"line":37,"column":37},"end":{"line":37,"column":63}}]},"3":{"type":"branch","line":37,"loc":{"start":{"line":37,"column":53},"end":{"line":37,"column":90}},"locations":[{"start":{"line":37,"column":53},"end":{"line":37,"column":90}}]},"4":{"type":"branch","line":37,"loc":{"start":{"line":37,"column":71},"end":{"line":37,"column":90}},"locations":[{"start":{"line":37,"column":71},"end":{"line":37,"column":90}}]},"5":{"type":"branch","line":37,"loc":{"start":{"line":37,"column":80},"end":{"line":37,"column":94}},"locations":[{"start":{"line":37,"column":80},"end":{"line":37,"column":94}}]},"6":{"type":"branch","line":38,"loc":{"start":{"line":38,"column":29},"end":{"line":38,"column":74}},"locations":[{"start":{"line":38,"column":29},"end":{"line":38,"column":74}}]},"7":{"type":"branch","line":38,"loc":{"start":{"line":38,"column":51},"end":{"line":38,"column":74}},"locations":[{"start":{"line":38,"column":51},"end":{"line":38,"column":74}}]},"8":{"type":"branch","line":38,"loc":{"start":{"line":38,"column":60},"end":{"line":38,"column":78}},"locations":[{"start":{"line":38,"column":60},"end":{"line":38,"column":78}}]},"9":{"type":"branch","line":40,"loc":{"start":{"line":40,"column":33},"end":{"line":43,"column":3}},"locations":[{"start":{"line":40,"column":33},"end":{"line":43,"column":3}}]},"10":{"type":"branch","line":41,"loc":{"start":{"line":41,"column":35},"end":{"line":41,"column":56}},"locations":[{"start":{"line":41,"column":35},"end":{"line":41,"column":56}}]},"11":{"type":"branch","line":42,"loc":{"start":{"line":42,"column":40},"end":{"line":42,"column":49}},"locations":[{"start":{"line":42,"column":40},"end":{"line":42,"column":49}}]},"12":{"type":"branch","line":43,"loc":{"start":{"line":43,"column":2},"end":{"line":45,"column":34}},"locations":[{"start":{"line":43,"column":2},"end":{"line":45,"column":34}}]},"13":{"type":"branch","line":45,"loc":{"start":{"line":45,"column":34},"end":{"line":50,"column":3}},"locations":[{"start":{"line":45,"column":34},"end":{"line":50,"column":3}}]},"14":{"type":"branch","line":46,"loc":{"start":{"line":46,"column":20},"end":{"line":48,"column":5}},"locations":[{"start":{"line":46,"column":20},"end":{"line":48,"column":5}}]},"15":{"type":"branch","line":48,"loc":{"start":{"line":48,"column":4},"end":{"line":49,"column":61}},"locations":[{"start":{"line":48,"column":4},"end":{"line":49,"column":61}}]},"16":{"type":"branch","line":49,"loc":{"start":{"line":49,"column":47},"end":{"line":49,"column":65}},"locations":[{"start":{"line":49,"column":47},"end":{"line":49,"column":65}}]},"17":{"type":"branch","line":50,"loc":{"start":{"line":50,"column":2},"end":{"line":52,"column":31}},"locations":[{"start":{"line":50,"column":2},"end":{"line":52,"column":31}}]},"18":{"type":"branch","line":52,"loc":{"start":{"line":52,"column":31},"end":{"line":57,"column":3}},"locations":[{"start":{"line":52,"column":31},"end":{"line":57,"column":3}}]},"19":{"type":"branch","line":53,"loc":{"start":{"line":53,"column":20},"end":{"line":55,"column":5}},"locations":[{"start":{"line":53,"column":20},"end":{"line":55,"column":5}}]},"20":{"type":"branch","line":55,"loc":{"start":{"line":55,"column":4},"end":{"line":56,"column":26}},"locations":[{"start":{"line":55,"column":4},"end":{"line":56,"column":26}}]},"21":{"type":"branch","line":56,"loc":{"start":{"line":56,"column":11},"end":{"line":56,"column":52}},"locations":[{"start":{"line":56,"column":11},"end":{"line":56,"column":52}}]},"22":{"type":"branch","line":56,"loc":{"start":{"line":56,"column":47},"end":{"line":56,"column":56}},"locations":[{"start":{"line":56,"column":47},"end":{"line":56,"column":56}}]},"23":{"type":"branch","line":57,"loc":{"start":{"line":57,"column":2},"end":{"line":60,"column":1}},"locations":[{"start":{"line":57,"column":2},"end":{"line":60,"column":1}}]},"24":{"type":"branch","line":77,"loc":{"start":{"line":77,"column":7},"end":{"line":545,"column":1}},"locations":[{"start":{"line":77,"column":7},"end":{"line":545,"column":1}}]},"25":{"type":"branch","line":537,"loc":{"start":{"line":537,"column":21},"end":{"line":538,"column":18}},"locations":[{"start":{"line":537,"column":21},"end":{"line":538,"column":18}}]},"26":{"type":"branch","line":538,"loc":{"start":{"line":538,"column":8},"end":{"line":543,"column":27}},"locations":[{"start":{"line":538,"column":8},"end":{"line":543,"column":27}}]},"27":{"type":"branch","line":539,"loc":{"start":{"line":539,"column":8},"end":{"line":540,"column":19}},"locations":[{"start":{"line":539,"column":8},"end":{"line":540,"column":19}}]},"28":{"type":"branch","line":540,"loc":{"start":{"line":540,"column":10},"end":{"line":543,"column":27}},"locations":[{"start":{"line":540,"column":10},"end":{"line":543,"column":27}}]},"29":{"type":"branch","line":541,"loc":{"start":{"line":541,"column":10},"end":{"line":542,"column":19}},"locations":[{"start":{"line":541,"column":10},"end":{"line":542,"column":19}}]},"30":{"type":"branch","line":542,"loc":{"start":{"line":542,"column":12},"end":{"line":543,"column":27}},"locations":[{"start":{"line":542,"column":12},"end":{"line":543,"column":27}}]},"31":{"type":"branch","line":100,"loc":{"start":{"line":100,"column":40},"end":{"line":110,"column":5}},"locations":[{"start":{"line":100,"column":40},"end":{"line":110,"column":5}}]},"32":{"type":"branch","line":101,"loc":{"start":{"line":101,"column":41},"end":{"line":101,"column":47}},"locations":[{"start":{"line":101,"column":41},"end":{"line":101,"column":47}}]},"33":{"type":"branch","line":104,"loc":{"start":{"line":104,"column":66},"end":{"line":109,"column":5}},"locations":[{"start":{"line":104,"column":66},"end":{"line":109,"column":5}}]},"34":{"type":"branch","line":112,"loc":{"start":{"line":112,"column":37},"end":{"line":115,"column":5}},"locations":[{"start":{"line":112,"column":37},"end":{"line":115,"column":5}}]},"35":{"type":"branch","line":117,"loc":{"start":{"line":117,"column":20},"end":{"line":128,"column":3}},"locations":[{"start":{"line":117,"column":20},"end":{"line":128,"column":3}}]},"36":{"type":"branch","line":121,"loc":{"start":{"line":121,"column":30},"end":{"line":124,"column":5}},"locations":[{"start":{"line":121,"column":30},"end":{"line":124,"column":5}}]},"37":{"type":"branch","line":127,"loc":{"start":{"line":127,"column":18},"end":{"line":127,"column":36}},"locations":[{"start":{"line":127,"column":18},"end":{"line":127,"column":36}}]},"38":{"type":"branch","line":130,"loc":{"start":{"line":130,"column":12},"end":{"line":132,"column":5}},"locations":[{"start":{"line":130,"column":12},"end":{"line":132,"column":5}}]},"39":{"type":"branch","line":134,"loc":{"start":{"line":134,"column":12},"end":{"line":138,"column":5}},"locations":[{"start":{"line":134,"column":12},"end":{"line":138,"column":5}}]},"40":{"type":"branch","line":135,"loc":{"start":{"line":135,"column":27},"end":{"line":137,"column":5}},"locations":[{"start":{"line":135,"column":27},"end":{"line":137,"column":5}}]},"41":{"type":"branch","line":140,"loc":{"start":{"line":140,"column":12},"end":{"line":145,"column":5}},"locations":[{"start":{"line":140,"column":12},"end":{"line":145,"column":5}}]},"42":{"type":"branch","line":142,"loc":{"start":{"line":142,"column":11},"end":{"line":144,"column":5}},"locations":[{"start":{"line":142,"column":11},"end":{"line":144,"column":5}}]},"43":{"type":"branch","line":148,"loc":{"start":{"line":148,"column":4},"end":{"line":157,"column":6}},"locations":[{"start":{"line":148,"column":4},"end":{"line":157,"column":6}}]},"44":{"type":"branch","line":149,"loc":{"start":{"line":149,"column":32},"end":{"line":152,"column":7}},"locations":[{"start":{"line":149,"column":32},"end":{"line":152,"column":7}}]},"45":{"type":"branch","line":154,"loc":{"start":{"line":154,"column":28},"end":{"line":156,"column":7}},"locations":[{"start":{"line":154,"column":28},"end":{"line":156,"column":7}}]},"46":{"type":"branch","line":161,"loc":{"start":{"line":161,"column":40},"end":{"line":202,"column":5}},"locations":[{"start":{"line":161,"column":40},"end":{"line":202,"column":5}}]},"47":{"type":"branch","line":162,"loc":{"start":{"line":162,"column":72},"end":{"line":162,"column":78}},"locations":[{"start":{"line":162,"column":72},"end":{"line":162,"column":78}}]},"48":{"type":"branch","line":169,"loc":{"start":{"line":169,"column":6},"end":{"line":170,"column":45}},"locations":[{"start":{"line":169,"column":6},"end":{"line":170,"column":45}}]},"49":{"type":"branch","line":170,"loc":{"start":{"line":170,"column":36},"end":{"line":170,"column":47}},"locations":[{"start":{"line":170,"column":36},"end":{"line":170,"column":47}}]},"50":{"type":"branch","line":171,"loc":{"start":{"line":171,"column":47},"end":{"line":190,"column":7}},"locations":[{"start":{"line":171,"column":47},"end":{"line":190,"column":7}}]},"51":{"type":"branch","line":172,"loc":{"start":{"line":172,"column":50},"end":{"line":172,"column":58}},"locations":[{"start":{"line":172,"column":50},"end":{"line":172,"column":58}}]},"52":{"type":"branch","line":172,"loc":{"start":{"line":172,"column":50},"end":{"line":189,"column":10}},"locations":[{"start":{"line":172,"column":50},"end":{"line":189,"column":10}}]},"53":{"type":"branch","line":181,"loc":{"start":{"line":181,"column":28},"end":{"line":182,"column":99}},"locations":[{"start":{"line":181,"column":28},"end":{"line":182,"column":99}}]},"54":{"type":"branch","line":182,"loc":{"start":{"line":182,"column":41},"end":{"line":182,"column":62}},"locations":[{"start":{"line":182,"column":41},"end":{"line":182,"column":62}}]},"55":{"type":"branch","line":182,"loc":{"start":{"line":182,"column":98},"end":{"line":183,"column":23}},"locations":[{"start":{"line":182,"column":98},"end":{"line":183,"column":23}}]},"56":{"type":"branch","line":184,"loc":{"start":{"line":184,"column":31},"end":{"line":184,"column":55}},"locations":[{"start":{"line":184,"column":31},"end":{"line":184,"column":55}}]},"57":{"type":"branch","line":185,"loc":{"start":{"line":185,"column":28},"end":{"line":185,"column":57}},"locations":[{"start":{"line":185,"column":28},"end":{"line":185,"column":57}}]},"58":{"type":"branch","line":185,"loc":{"start":{"line":185,"column":51},"end":{"line":185,"column":60}},"locations":[{"start":{"line":185,"column":51},"end":{"line":185,"column":60}}]},"59":{"type":"branch","line":186,"loc":{"start":{"line":186,"column":26},"end":{"line":186,"column":45}},"locations":[{"start":{"line":186,"column":26},"end":{"line":186,"column":45}}]},"60":{"type":"branch","line":187,"loc":{"start":{"line":187,"column":27},"end":{"line":187,"column":39}},"locations":[{"start":{"line":187,"column":27},"end":{"line":187,"column":39}}]},"61":{"type":"branch","line":187,"loc":{"start":{"line":187,"column":33},"end":{"line":187,"column":57}},"locations":[{"start":{"line":187,"column":33},"end":{"line":187,"column":57}}]},"62":{"type":"branch","line":187,"loc":{"start":{"line":187,"column":44},"end":{"line":187,"column":57}},"locations":[{"start":{"line":187,"column":44},"end":{"line":187,"column":57}}]},"63":{"type":"branch","line":190,"loc":{"start":{"line":190,"column":6},"end":{"line":191,"column":13}},"locations":[{"start":{"line":190,"column":6},"end":{"line":191,"column":13}}]},"64":{"type":"branch","line":191,"loc":{"start":{"line":191,"column":4},"end":{"line":196,"column":6}},"locations":[{"start":{"line":191,"column":4},"end":{"line":196,"column":6}}]},"65":{"type":"branch","line":194,"loc":{"start":{"line":194,"column":17},"end":{"line":194,"column":93}},"locations":[{"start":{"line":194,"column":17},"end":{"line":194,"column":93}}]},"66":{"type":"branch","line":194,"loc":{"start":{"line":194,"column":59},"end":{"line":194,"column":93}},"locations":[{"start":{"line":194,"column":59},"end":{"line":194,"column":93}}]},"67":{"type":"branch","line":204,"loc":{"start":{"line":204,"column":30},"end":{"line":206,"column":5}},"locations":[{"start":{"line":204,"column":30},"end":{"line":206,"column":5}}]},"68":{"type":"branch","line":208,"loc":{"start":{"line":208,"column":35},"end":{"line":221,"column":5}},"locations":[{"start":{"line":208,"column":35},"end":{"line":221,"column":5}}]},"69":{"type":"branch","line":209,"loc":{"start":{"line":209,"column":43},"end":{"line":213,"column":5}},"locations":[{"start":{"line":209,"column":43},"end":{"line":213,"column":5}}]},"70":{"type":"branch","line":218,"loc":{"start":{"line":218,"column":39},"end":{"line":220,"column":7}},"locations":[{"start":{"line":218,"column":39},"end":{"line":220,"column":7}}]},"71":{"type":"branch","line":223,"loc":{"start":{"line":223,"column":12},"end":{"line":529,"column":5}},"locations":[{"start":{"line":223,"column":12},"end":{"line":529,"column":5}}]},"72":{"type":"branch","line":224,"loc":{"start":{"line":224,"column":9},"end":{"line":224,"column":29}},"locations":[{"start":{"line":224,"column":9},"end":{"line":224,"column":29}}]},"73":{"type":"branch","line":224,"loc":{"start":{"line":224,"column":29},"end":{"line":229,"column":5}},"locations":[{"start":{"line":224,"column":29},"end":{"line":229,"column":5}}]},"74":{"type":"branch","line":229,"loc":{"start":{"line":229,"column":4},"end":{"line":231,"column":19}},"locations":[{"start":{"line":229,"column":4},"end":{"line":231,"column":19}}]},"75":{"type":"branch","line":231,"loc":{"start":{"line":231,"column":19},"end":{"line":237,"column":5}},"locations":[{"start":{"line":231,"column":19},"end":{"line":237,"column":5}}]},"76":{"type":"branch","line":237,"loc":{"start":{"line":237,"column":4},"end":{"line":528,"column":5}},"locations":[{"start":{"line":237,"column":4},"end":{"line":528,"column":5}}]},"77":{"type":"branch","line":245,"loc":{"start":{"line":245,"column":26},"end":{"line":262,"column":5}},"locations":[{"start":{"line":245,"column":26},"end":{"line":262,"column":5}}]},"78":{"type":"branch","line":246,"loc":{"start":{"line":246,"column":21},"end":{"line":246,"column":27}},"locations":[{"start":{"line":246,"column":21},"end":{"line":246,"column":27}}]},"79":{"type":"branch","line":247,"loc":{"start":{"line":247,"column":21},"end":{"line":250,"column":7}},"locations":[{"start":{"line":247,"column":21},"end":{"line":250,"column":7}}]},"80":{"type":"branch","line":255,"loc":{"start":{"line":255,"column":26},"end":{"line":261,"column":7}},"locations":[{"start":{"line":255,"column":26},"end":{"line":261,"column":7}}]},"81":{"type":"branch","line":251,"loc":{"start":{"line":251,"column":44},"end":{"line":254,"column":7}},"locations":[{"start":{"line":251,"column":44},"end":{"line":254,"column":7}}]},"82":{"type":"branch","line":252,"loc":{"start":{"line":252,"column":23},"end":{"line":252,"column":29}},"locations":[{"start":{"line":252,"column":23},"end":{"line":252,"column":29}}]},"83":{"type":"branch","line":253,"loc":{"start":{"line":253,"column":22},"end":{"line":253,"column":40}},"locations":[{"start":{"line":253,"column":22},"end":{"line":253,"column":40}}]},"84":{"type":"branch","line":264,"loc":{"start":{"line":264,"column":31},"end":{"line":268,"column":5}},"locations":[{"start":{"line":264,"column":31},"end":{"line":268,"column":5}}]},"85":{"type":"branch","line":265,"loc":{"start":{"line":265,"column":23},"end":{"line":265,"column":57}},"locations":[{"start":{"line":265,"column":23},"end":{"line":265,"column":57}}]},"86":{"type":"branch","line":265,"loc":{"start":{"line":265,"column":57},"end":{"line":267,"column":7}},"locations":[{"start":{"line":265,"column":57},"end":{"line":267,"column":7}}]},"87":{"type":"branch","line":270,"loc":{"start":{"line":270,"column":36},"end":{"line":289,"column":5}},"locations":[{"start":{"line":270,"column":36},"end":{"line":289,"column":5}}]},"88":{"type":"branch","line":277,"loc":{"start":{"line":277,"column":8},"end":{"line":279,"column":49}},"locations":[{"start":{"line":277,"column":8},"end":{"line":279,"column":49}}]},"89":{"type":"branch","line":280,"loc":{"start":{"line":280,"column":15},"end":{"line":280,"column":53}},"locations":[{"start":{"line":280,"column":15},"end":{"line":280,"column":53}}]},"90":{"type":"branch","line":280,"loc":{"start":{"line":280,"column":48},"end":{"line":280,"column":57}},"locations":[{"start":{"line":280,"column":48},"end":{"line":280,"column":57}}]},"91":{"type":"branch","line":281,"loc":{"start":{"line":281,"column":6},"end":{"line":288,"column":7}},"locations":[{"start":{"line":281,"column":6},"end":{"line":288,"column":7}}]},"92":{"type":"branch","line":291,"loc":{"start":{"line":291,"column":30},"end":{"line":514,"column":5}},"locations":[{"start":{"line":291,"column":30},"end":{"line":514,"column":5}}]},"93":{"type":"branch","line":292,"loc":{"start":{"line":292,"column":21},"end":{"line":302,"column":7}},"locations":[{"start":{"line":292,"column":21},"end":{"line":302,"column":7}}]},"94":{"type":"branch","line":296,"loc":{"start":{"line":296,"column":8},"end":{"line":301,"column":9}},"locations":[{"start":{"line":296,"column":8},"end":{"line":301,"column":9}}]},"95":{"type":"branch","line":304,"loc":{"start":{"line":304,"column":21},"end":{"line":306,"column":7}},"locations":[{"start":{"line":304,"column":21},"end":{"line":306,"column":7}}]},"96":{"type":"branch","line":308,"loc":{"start":{"line":308,"column":60},"end":{"line":312,"column":7}},"locations":[{"start":{"line":308,"column":60},"end":{"line":312,"column":7}}]},"97":{"type":"branch","line":315,"loc":{"start":{"line":315,"column":21},"end":{"line":315,"column":27}},"locations":[{"start":{"line":315,"column":21},"end":{"line":315,"column":27}}]},"98":{"type":"branch","line":317,"loc":{"start":{"line":317,"column":25},"end":{"line":322,"column":7}},"locations":[{"start":{"line":317,"column":25},"end":{"line":322,"column":7}}]},"99":{"type":"branch","line":322,"loc":{"start":{"line":322,"column":6},"end":{"line":513,"column":35}},"locations":[{"start":{"line":322,"column":6},"end":{"line":513,"column":35}}]},"100":{"type":"branch","line":319,"loc":{"start":{"line":319,"column":17},"end":{"line":319,"column":74}},"locations":[{"start":{"line":319,"column":17},"end":{"line":319,"column":74}}]},"101":{"type":"branch","line":319,"loc":{"start":{"line":319,"column":27},"end":{"line":319,"column":74}},"locations":[{"start":{"line":319,"column":27},"end":{"line":319,"column":74}}]},"102":{"type":"branch","line":327,"loc":{"start":{"line":327,"column":34},"end":{"line":382,"column":7}},"locations":[{"start":{"line":327,"column":34},"end":{"line":382,"column":7}}]},"103":{"type":"branch","line":329,"loc":{"start":{"line":329,"column":27},"end":{"line":329,"column":47}},"locations":[{"start":{"line":329,"column":27},"end":{"line":329,"column":47}}]},"104":{"type":"branch","line":350,"loc":{"start":{"line":350,"column":18},"end":{"line":352,"column":24}},"locations":[{"start":{"line":350,"column":18},"end":{"line":352,"column":24}}]},"105":{"type":"branch","line":352,"loc":{"start":{"line":352,"column":24},"end":{"line":354,"column":9}},"locations":[{"start":{"line":352,"column":24},"end":{"line":354,"column":9}}]},"106":{"type":"branch","line":354,"loc":{"start":{"line":354,"column":8},"end":{"line":356,"column":26}},"locations":[{"start":{"line":354,"column":8},"end":{"line":356,"column":26}}]},"107":{"type":"branch","line":356,"loc":{"start":{"line":356,"column":19},"end":{"line":356,"column":30}},"locations":[{"start":{"line":356,"column":19},"end":{"line":356,"column":30}}]},"108":{"type":"branch","line":356,"loc":{"start":{"line":356,"column":26},"end":{"line":367,"column":47}},"locations":[{"start":{"line":356,"column":26},"end":{"line":367,"column":47}}]},"109":{"type":"branch","line":367,"loc":{"start":{"line":367,"column":25},"end":{"line":367,"column":47}},"locations":[{"start":{"line":367,"column":25},"end":{"line":367,"column":47}}]},"110":{"type":"branch","line":367,"loc":{"start":{"line":367,"column":34},"end":{"line":368,"column":44}},"locations":[{"start":{"line":367,"column":34},"end":{"line":368,"column":44}}]},"111":{"type":"branch","line":368,"loc":{"start":{"line":368,"column":25},"end":{"line":368,"column":44}},"locations":[{"start":{"line":368,"column":25},"end":{"line":368,"column":44}}]},"112":{"type":"branch","line":368,"loc":{"start":{"line":368,"column":31},"end":{"line":369,"column":17}},"locations":[{"start":{"line":368,"column":31},"end":{"line":369,"column":17}}]},"113":{"type":"branch","line":371,"loc":{"start":{"line":371,"column":25},"end":{"line":380,"column":15}},"locations":[{"start":{"line":371,"column":25},"end":{"line":380,"column":15}}]},"114":{"type":"branch","line":374,"loc":{"start":{"line":374,"column":55},"end":{"line":374,"column":94}},"locations":[{"start":{"line":374,"column":55},"end":{"line":374,"column":94}}]},"115":{"type":"branch","line":377,"loc":{"start":{"line":377,"column":75},"end":{"line":377,"column":95}},"locations":[{"start":{"line":377,"column":75},"end":{"line":377,"column":95}}]},"116":{"type":"branch","line":378,"loc":{"start":{"line":378,"column":36},"end":{"line":378,"column":73}},"locations":[{"start":{"line":378,"column":36},"end":{"line":378,"column":73}}]},"117":{"type":"branch","line":378,"loc":{"start":{"line":378,"column":67},"end":{"line":378,"column":76}},"locations":[{"start":{"line":378,"column":67},"end":{"line":378,"column":76}}]},"118":{"type":"branch","line":384,"loc":{"start":{"line":384,"column":27},"end":{"line":417,"column":8}},"locations":[{"start":{"line":384,"column":27},"end":{"line":417,"column":8}}]},"119":{"type":"branch","line":391,"loc":{"start":{"line":391,"column":28},"end":{"line":391,"column":47}},"locations":[{"start":{"line":391,"column":28},"end":{"line":391,"column":47}}]},"120":{"type":"branch","line":398,"loc":{"start":{"line":398,"column":22},"end":{"line":398,"column":81}},"locations":[{"start":{"line":398,"column":22},"end":{"line":398,"column":81}}]},"121":{"type":"branch","line":398,"loc":{"start":{"line":398,"column":77},"end":{"line":398,"column":86}},"locations":[{"start":{"line":398,"column":77},"end":{"line":398,"column":86}}]},"122":{"type":"branch","line":399,"loc":{"start":{"line":399,"column":25},"end":{"line":405,"column":13}},"locations":[{"start":{"line":399,"column":25},"end":{"line":405,"column":13}}]},"123":{"type":"branch","line":403,"loc":{"start":{"line":403,"column":30},"end":{"line":403,"column":45}},"locations":[{"start":{"line":403,"column":30},"end":{"line":403,"column":45}}]},"124":{"type":"branch","line":404,"loc":{"start":{"line":404,"column":34},"end":{"line":404,"column":53}},"locations":[{"start":{"line":404,"column":34},"end":{"line":404,"column":53}}]},"125":{"type":"branch","line":405,"loc":{"start":{"line":405,"column":12},"end":{"line":406,"column":17}},"locations":[{"start":{"line":405,"column":12},"end":{"line":406,"column":17}}]},"126":{"type":"branch","line":410,"loc":{"start":{"line":410,"column":27},"end":{"line":411,"column":80}},"locations":[{"start":{"line":410,"column":27},"end":{"line":411,"column":80}}]},"127":{"type":"branch","line":411,"loc":{"start":{"line":411,"column":60},"end":{"line":411,"column":79}},"locations":[{"start":{"line":411,"column":60},"end":{"line":411,"column":79}}]},"128":{"type":"branch","line":411,"loc":{"start":{"line":411,"column":79},"end":{"line":412,"column":19}},"locations":[{"start":{"line":411,"column":79},"end":{"line":412,"column":19}}]},"129":{"type":"branch","line":413,"loc":{"start":{"line":413,"column":30},"end":{"line":413,"column":49}},"locations":[{"start":{"line":413,"column":30},"end":{"line":413,"column":49}}]},"130":{"type":"branch","line":419,"loc":{"start":{"line":419,"column":39},"end":{"line":445,"column":7}},"locations":[{"start":{"line":419,"column":39},"end":{"line":445,"column":7}}]},"131":{"type":"branch","line":423,"loc":{"start":{"line":423,"column":23},"end":{"line":423,"column":29}},"locations":[{"start":{"line":423,"column":23},"end":{"line":423,"column":29}}]},"132":{"type":"branch","line":428,"loc":{"start":{"line":428,"column":42},"end":{"line":429,"column":34}},"locations":[{"start":{"line":428,"column":42},"end":{"line":429,"column":34}}]},"133":{"type":"branch","line":429,"loc":{"start":{"line":429,"column":25},"end":{"line":430,"column":59}},"locations":[{"start":{"line":429,"column":25},"end":{"line":430,"column":59}}]},"134":{"type":"branch","line":438,"loc":{"start":{"line":438,"column":52},"end":{"line":438,"column":58}},"locations":[{"start":{"line":438,"column":52},"end":{"line":438,"column":58}}]},"135":{"type":"branch","line":438,"loc":{"start":{"line":438,"column":52},"end":{"line":438,"column":82}},"locations":[{"start":{"line":438,"column":52},"end":{"line":438,"column":82}}]},"136":{"type":"branch","line":440,"loc":{"start":{"line":440,"column":22},"end":{"line":440,"column":41}},"locations":[{"start":{"line":440,"column":22},"end":{"line":440,"column":41}}]},"137":{"type":"branch","line":441,"loc":{"start":{"line":441,"column":8},"end":{"line":444,"column":9}},"locations":[{"start":{"line":441,"column":8},"end":{"line":444,"column":9}}]},"138":{"type":"branch","line":443,"loc":{"start":{"line":443,"column":42},"end":{"line":443,"column":74}},"locations":[{"start":{"line":443,"column":42},"end":{"line":443,"column":74}}]},"139":{"type":"branch","line":449,"loc":{"start":{"line":449,"column":63},"end":{"line":452,"column":7}},"locations":[{"start":{"line":449,"column":63},"end":{"line":452,"column":7}}]},"140":{"type":"branch","line":450,"loc":{"start":{"line":450,"column":72},"end":{"line":450,"column":87}},"locations":[{"start":{"line":450,"column":72},"end":{"line":450,"column":87}}]},"141":{"type":"branch","line":462,"loc":{"start":{"line":462,"column":8},"end":{"line":467,"column":9}},"locations":[{"start":{"line":462,"column":8},"end":{"line":467,"column":9}}]},"142":{"type":"branch","line":464,"loc":{"start":{"line":464,"column":21},"end":{"line":464,"column":60}},"locations":[{"start":{"line":464,"column":21},"end":{"line":464,"column":60}}]},"143":{"type":"branch","line":470,"loc":{"start":{"line":470,"column":36},"end":{"line":511,"column":7}},"locations":[{"start":{"line":470,"column":36},"end":{"line":511,"column":7}}]},"144":{"type":"branch","line":471,"loc":{"start":{"line":471,"column":37},"end":{"line":477,"column":19}},"locations":[{"start":{"line":471,"column":37},"end":{"line":477,"column":19}}]},"145":{"type":"branch","line":477,"loc":{"start":{"line":477,"column":8},"end":{"line":510,"column":9}},"locations":[{"start":{"line":477,"column":8},"end":{"line":510,"column":9}}]},"146":{"type":"branch","line":477,"loc":{"start":{"line":477,"column":30},"end":{"line":477,"column":75}},"locations":[{"start":{"line":477,"column":30},"end":{"line":477,"column":75}}]},"147":{"type":"branch","line":477,"loc":{"start":{"line":477,"column":60},"end":{"line":477,"column":96}},"locations":[{"start":{"line":477,"column":60},"end":{"line":477,"column":96}}]},"148":{"type":"branch","line":478,"loc":{"start":{"line":478,"column":25},"end":{"line":480,"column":11}},"locations":[{"start":{"line":478,"column":25},"end":{"line":480,"column":11}}]},"149":{"type":"branch","line":485,"loc":{"start":{"line":485,"column":18},"end":{"line":500,"column":13}},"locations":[{"start":{"line":485,"column":18},"end":{"line":500,"column":13}}]},"150":{"type":"branch","line":486,"loc":{"start":{"line":486,"column":32},"end":{"line":493,"column":15}},"locations":[{"start":{"line":486,"column":32},"end":{"line":493,"column":15}}]},"151":{"type":"branch","line":498,"loc":{"start":{"line":498,"column":36},"end":{"line":498,"column":51}},"locations":[{"start":{"line":498,"column":36},"end":{"line":498,"column":51}}]},"152":{"type":"branch","line":498,"loc":{"start":{"line":498,"column":45},"end":{"line":498,"column":57}},"locations":[{"start":{"line":498,"column":45},"end":{"line":498,"column":57}}]},"153":{"type":"branch","line":501,"loc":{"start":{"line":501,"column":19},"end":{"line":506,"column":15}},"locations":[{"start":{"line":501,"column":19},"end":{"line":506,"column":15}}]},"154":{"type":"branch","line":518,"loc":{"start":{"line":518,"column":11},"end":{"line":528,"column":5}},"locations":[{"start":{"line":518,"column":11},"end":{"line":528,"column":5}}]},"155":{"type":"branch","line":521,"loc":{"start":{"line":521,"column":10},"end":{"line":521,"column":31}},"locations":[{"start":{"line":521,"column":10},"end":{"line":521,"column":31}}]},"156":{"type":"branch","line":521,"loc":{"start":{"line":521,"column":31},"end":{"line":524,"column":7}},"locations":[{"start":{"line":521,"column":31},"end":{"line":524,"column":7}}]}},"b":{"0":[11],"1":[1],"2":[10],"3":[9],"4":[1],"5":[9],"6":[9],"7":[2],"8":[8],"9":[1],"10":[0],"11":[0],"12":[10],"13":[3],"14":[2],"15":[1],"16":[0],"17":[7],"18":[6],"19":[1],"20":[5],"21":[0],"22":[5],"23":[1],"24":[49],"25":[11],"26":[38],"27":[3],"28":[35],"29":[14],"30":[21],"31":[11],"32":[0],"33":[0],"34":[24],"35":[2],"36":[1],"37":[2],"38":[32],"39":[17],"40":[1],"41":[17],"42":[17],"43":[31],"44":[1],"45":[11],"46":[8],"47":[0],"48":[7],"49":[0],"50":[10],"51":[2],"52":[8],"53":[2],"54":[1],"55":[6],"56":[7],"57":[0],"58":[0],"59":[0],"60":[1],"61":[7],"62":[0],"63":[7],"64":[1],"65":[1],"66":[0],"67":[5],"68":[2],"69":[0],"70":[1],"71":[22],"72":[21],"73":[1],"74":[21],"75":[1],"76":[20],"77":[8],"78":[0],"79":[0],"80":[2],"81":[3],"82":[0],"83":[3],"84":[3],"85":[0],"86":[0],"87":[4],"88":[3],"89":[3],"90":[3],"91":[1],"92":[20],"93":[16],"94":[0],"95":[0],"96":[0],"97":[0],"98":[5],"99":[15],"100":[5],"101":[3],"102":[4],"103":[0],"104":[3],"105":[1],"106":[3],"107":[2],"108":[1],"109":[0],"110":[1],"111":[0],"112":[1],"113":[1],"114":[0],"115":[0],"116":[0],"117":[0],"118":[2],"119":[1],"120":[1],"121":[1],"122":[1],"123":[0],"124":[0],"125":[1],"126":[1],"127":[0],"128":[1],"129":[1],"130":[4],"131":[0],"132":[3],"133":[1],"134":[3],"135":[2],"136":[3],"137":[1],"138":[0],"139":[2],"140":[0],"141":[2],"142":[0],"143":[12],"144":[9],"145":[3],"146":[2],"147":[1],"148":[0],"149":[2],"150":[1],"151":[1],"152":[0],"153":[1],"154":[20],"155":[15],"156":[15]},"fnMap":{"0":{"name":"buildTargetUrl","decl":{"start":{"line":28,"column":0},"end":{"line":60,"column":1}},"loc":{"start":{"line":28,"column":0},"end":{"line":60,"column":1}},"line":28},"1":{"name":"useRealtimeNotifications","decl":{"start":{"line":77,"column":7},"end":{"line":545,"column":1}},"loc":{"start":{"line":77,"column":7},"end":{"line":545,"column":1}},"line":77},"2":{"name":"scheduleRetry","decl":{"start":{"line":245,"column":26},"end":{"line":262,"column":5}},"loc":{"start":{"line":245,"column":26},"end":{"line":262,"column":5}},"line":245},"3":{"name":"pollOnceIfFallback","decl":{"start":{"line":264,"column":31},"end":{"line":268,"column":5}},"loc":{"start":{"line":264,"column":31},"end":{"line":268,"column":5}},"line":264},"4":{"name":"fetchSignedNotification","decl":{"start":{"line":270,"column":36},"end":{"line":289,"column":5}},"loc":{"start":{"line":270,"column":36},"end":{"line":289,"column":5}},"line":270},"5":{"name":"setupSubscription","decl":{"start":{"line":291,"column":30},"end":{"line":514,"column":5}},"loc":{"start":{"line":291,"column":30},"end":{"line":514,"column":5}},"line":291},"6":{"name":"hydrateNotification","decl":{"start":{"line":327,"column":34},"end":{"line":382,"column":7}},"loc":{"start":{"line":327,"column":34},"end":{"line":382,"column":7}},"line":327},"7":{"name":"withFallback","decl":{"start":{"line":384,"column":27},"end":{"line":417,"column":8}},"loc":{"start":{"line":384,"column":27},"end":{"line":417,"column":8}},"line":384},"8":{"name":"handleNotificationChange","decl":{"start":{"line":419,"column":39},"end":{"line":445,"column":7}},"loc":{"start":{"line":419,"column":39},"end":{"line":445,"column":7}},"line":419}},"f":{"0":11,"1":49,"2":8,"3":3,"4":4,"5":20,"6":4,"7":2,"8":4}}
}
